<?xml version="1.0" encoding="UTF-8"?>
<testsuites name="jest tests" tests="1" failures="0" errors="0" time="53.932">
  <testsuite name="Delete app links operation" errors="0" failures="0" skipped="0" timestamp="2023-12-27T17:59:42" time="52.674" tests="1">
    <testcase classname="Delete app links operation should delete an app link successfully" name="Delete app links operation should delete an app link successfully" time="0.051">
    </testcase>
  </testsuite>
</testsuites>