<?xml version="1.0" encoding="UTF-8"?>
<testExecutions version="1">
  <file path="/mnt/c/Users/Nat Osei/desktop/projects/test-apis/test/App-links/create_applinks.test.js">
    <testCase name="Create App Links Operation should create app links" duration="147"/>
  </file>
</testExecutions>