<?xml version="1.0" encoding="UTF-8"?>
<testExecutions version="1">
  <file path="/mnt/c/Users/Nat Osei/desktop/projects/test-apis/test/App-links/delete_applinks.test.js">
    <testCase name="Delete app links operation should delete an app link successfully" duration="51"/>
  </file>
</testExecutions>